[ 2015-11-30T10:19:31+08:00 ] 127.0.0.1 /index/lists/catid/20.html
INFO: [ app_init ] --START--
INFO: Run Behavior\BuildLiteBehavior [ RunTime:0.000000s ]
INFO: [ app_init ] --END-- [ RunTime:0.001000s ]
INFO: [ app_begin ] --START--
INFO: Run Behavior\ReadHtmlCacheBehavior [ RunTime:0.002001s ]
INFO: [ app_begin ] --END-- [ RunTime:0.002001s ]
NOTIC: [2048] Declaration of Home\Controller\IndexController::show() should be compatible with that of Think\Controller::show() D:\phpStudy\WWW\bjjfsd\Application\Home\Controller\IndexController.class.php 第 4 行.
SQL: SHOW COLUMNS FROM `jfsd_config` [ RunTime:0.0050s ]
ERR: Think\Model:lists方法不存在！

[ 2015-11-30T10:19:31+08:00 ] 127.0.0.1 /favicon.ico
INFO: [ app_init ] --START--
INFO: Run Behavior\BuildLiteBehavior [ RunTime:0.000000s ]
INFO: [ app_init ] --END-- [ RunTime:0.001000s ]

[ 2015-11-30T10:19:34+08:00 ] 127.0.0.1 /
INFO: [ app_init ] --START--
INFO: Run Behavior\BuildLiteBehavior [ RunTime:0.000000s ]
INFO: [ app_init ] --END-- [ RunTime:0.001000s ]
INFO: [ app_begin ] --START--
INFO: Run Behavior\ReadHtmlCacheBehavior [ RunTime:0.001000s ]
INFO: [ app_begin ] --END-- [ RunTime:0.002000s ]
NOTIC: [2048] Declaration of Home\Controller\IndexController::show() should be compatible with that of Think\Controller::show() D:\phpStudy\WWW\bjjfsd\Application\Home\Controller\IndexController.class.php 第 4 行.
SQL: SHOW COLUMNS FROM `jfsd_config` [ RunTime:0.0040s ]
ERR: Think\Model:lists方法不存在！

[ 2015-11-30T10:19:37+08:00 ] 127.0.0.1 /
INFO: [ app_init ] --START--
INFO: Run Behavior\BuildLiteBehavior [ RunTime:0.000000s ]
INFO: [ app_init ] --END-- [ RunTime:0.000000s ]
INFO: [ app_begin ] --START--
INFO: Run Behavior\ReadHtmlCacheBehavior [ RunTime:0.001000s ]
INFO: [ app_begin ] --END-- [ RunTime:0.001000s ]
NOTIC: [2048] Declaration of Home\Controller\IndexController::show() should be compatible with that of Think\Controller::show() D:\phpStudy\WWW\bjjfsd\Application\Home\Controller\IndexController.class.php 第 4 行.
SQL: SHOW COLUMNS FROM `jfsd_config` [ RunTime:0.0050s ]
ERR: Think\Model:lists方法不存在！

[ 2015-11-30T10:19:50+08:00 ] 127.0.0.1 /
INFO: [ app_init ] --START--
INFO: Run Behavior\BuildLiteBehavior [ RunTime:0.000000s ]
INFO: [ app_init ] --END-- [ RunTime:0.000000s ]
INFO: [ app_begin ] --START--
INFO: Run Behavior\ReadHtmlCacheBehavior [ RunTime:0.001000s ]
INFO: [ app_begin ] --END-- [ RunTime:0.002000s ]
NOTIC: [2048] Declaration of Home\Controller\IndexController::show() should be compatible with that of Think\Controller::show() D:\phpStudy\WWW\bjjfsd\Application\Home\Controller\IndexController.class.php 第 4 行.
SQL: SHOW COLUMNS FROM `jfsd_category` [ RunTime:0.0070s ]
NOTIC: [2] Invalid argument supplied for foreach() D:\phpStudy\WWW\bjjfsd\ThinkPHP\Library\Think\Db\Driver.class.php 第 493 行.
SQL: SELECT * FROM `jfsd_category` ORDER BY sort desc, id asc  [ RunTime:0.0020s ]
NOTIC: [8] Undefined offset: 0 D:\phpStudy\WWW\bjjfsd\Application\Home\Controller\IndexController.class.php 第 22 行.
NOTIC: [8] Undefined offset: 0 D:\phpStudy\WWW\bjjfsd\Application\Home\Controller\IndexController.class.php 第 22 行.
NOTIC: [8] Undefined offset: 0 D:\phpStudy\WWW\bjjfsd\Application\Home\Controller\IndexController.class.php 第 22 行.
NOTIC: [8] Undefined offset: 0 D:\phpStudy\WWW\bjjfsd\Application\Home\Controller\IndexController.class.php 第 22 行.
NOTIC: [8] Undefined offset: 0 D:\phpStudy\WWW\bjjfsd\Application\Home\Controller\IndexController.class.php 第 22 行.
NOTIC: [8] Undefined offset: 0 D:\phpStudy\WWW\bjjfsd\Application\Home\Controller\IndexController.class.php 第 22 行.
NOTIC: [8] Undefined offset: 0 D:\phpStudy\WWW\bjjfsd\Application\Home\Controller\IndexController.class.php 第 22 行.
NOTIC: [8] Undefined offset: 0 D:\phpStudy\WWW\bjjfsd\Application\Home\Controller\IndexController.class.php 第 22 行.
NOTIC: [8] Undefined offset: 0 D:\phpStudy\WWW\bjjfsd\Application\Home\Controller\IndexController.class.php 第 22 行.
NOTIC: [8] Undefined offset: 0 D:\phpStudy\WWW\bjjfsd\Application\Home\Controller\IndexController.class.php 第 22 行.
NOTIC: [8] Undefined offset: 0 D:\phpStudy\WWW\bjjfsd\Application\Home\Controller\IndexController.class.php 第 22 行.
NOTIC: [8] Undefined offset: 0 D:\phpStudy\WWW\bjjfsd\Application\Home\Controller\IndexController.class.php 第 22 行.
NOTIC: [8] Undefined variable: top_catid D:\phpStudy\WWW\bjjfsd\Application\Home\Controller\IndexController.class.php 第 30 行.
INFO: [ view_parse ] --START--
INFO: [ template_filter ] --START--
INFO: Run Behavior\ContentReplaceBehavior [ RunTime:0.001000s ]
INFO: [ template_filter ] --END-- [ RunTime:0.001000s ]
SQL: SHOW COLUMNS FROM `jfsd_banner_data` [ RunTime:0.0050s ]
SQL: SELECT * FROM `jfsd_banner_data` WHERE `bid` = 1 ORDER BY sort desc, id desc  [ RunTime:0.0010s ]
SQL: SHOW COLUMNS FROM `jfsd_product` [ RunTime:0.0050s ]
SQL: SELECT * FROM `jfsd_product` WHERE `status` = 1 AND `position_1` = 1 ORDER BY sort desc, id desc LIMIT 4   [ RunTime:0.0010s ]
SQL: SELECT * FROM `jfsd_banner_data` WHERE `bid` = 3 ORDER BY sort desc, id desc LIMIT 18   [ RunTime:0.0010s ]
SQL: SELECT * FROM `jfsd_banner_data` WHERE `bid` = 2 ORDER BY sort desc, id desc LIMIT 96   [ RunTime:0.0020s ]
INFO: Run Behavior\ParseTemplateBehavior [ RunTime:0.075004s ]
INFO: [ view_parse ] --END-- [ RunTime:0.076004s ]
INFO: [ view_filter ] --START--
INFO: Run Behavior\WriteHtmlCacheBehavior [ RunTime:0.001000s ]
INFO: [ view_filter ] --END-- [ RunTime:0.001000s ]
INFO: [ app_end ] --START--
INFO: Run Behavior\ShowPageTraceBehavior [ RunTime:0.002001s ]
INFO: [ app_end ] --END-- [ RunTime:0.002001s ]

[ 2015-11-30T10:19:53+08:00 ] 127.0.0.1 /index/lists/catid/1.html
INFO: [ app_init ] --START--
INFO: Run Behavior\BuildLiteBehavior [ RunTime:0.000000s ]
INFO: [ app_init ] --END-- [ RunTime:0.000000s ]
INFO: [ app_begin ] --START--
INFO: Run Behavior\ReadHtmlCacheBehavior [ RunTime:0.001000s ]
INFO: [ app_begin ] --END-- [ RunTime:0.001000s ]
NOTIC: [2048] Declaration of Home\Controller\IndexController::show() should be compatible with that of Think\Controller::show() D:\phpStudy\WWW\bjjfsd\Application\Home\Controller\IndexController.class.php 第 4 行.
SQL: SHOW COLUMNS FROM `jfsd_category` [ RunTime:0.0050s ]
NOTIC: [8] Undefined offset: 0 D:\phpStudy\WWW\bjjfsd\Application\Home\Controller\IndexController.class.php 第 22 行.
NOTIC: [8] Undefined offset: 0 D:\phpStudy\WWW\bjjfsd\Application\Home\Controller\IndexController.class.php 第 22 行.
NOTIC: [8] Undefined offset: 0 D:\phpStudy\WWW\bjjfsd\Application\Home\Controller\IndexController.class.php 第 22 行.
INFO: [ view_parse ] --START--
INFO: [ template_filter ] --START--
INFO: Run Behavior\ContentReplaceBehavior [ RunTime:0.000000s ]
INFO: [ template_filter ] --END-- [ RunTime:0.001000s ]
INFO: Run Behavior\ParseTemplateBehavior [ RunTime:0.012000s ]
INFO: [ view_parse ] --END-- [ RunTime:0.012000s ]
INFO: [ view_filter ] --START--
INFO: Run Behavior\WriteHtmlCacheBehavior [ RunTime:0.000000s ]
INFO: [ view_filter ] --END-- [ RunTime:0.001001s ]
INFO: [ app_end ] --START--
INFO: Run Behavior\ShowPageTraceBehavior [ RunTime:0.000000s ]
INFO: [ app_end ] --END-- [ RunTime:0.000000s ]

[ 2015-11-30T10:19:54+08:00 ] 127.0.0.1 /index/lists/catid/5.html
INFO: [ app_init ] --START--
INFO: Run Behavior\BuildLiteBehavior [ RunTime:0.000000s ]
INFO: [ app_init ] --END-- [ RunTime:0.001000s ]
INFO: [ app_begin ] --START--
INFO: Run Behavior\ReadHtmlCacheBehavior [ RunTime:0.001000s ]
INFO: [ app_begin ] --END-- [ RunTime:0.001000s ]
NOTIC: [2048] Declaration of Home\Controller\IndexController::show() should be compatible with that of Think\Controller::show() D:\phpStudy\WWW\bjjfsd\Application\Home\Controller\IndexController.class.php 第 4 行.
SQL: SHOW COLUMNS FROM `jfsd_category` [ RunTime:0.0050s ]
NOTIC: [8] Undefined offset: 0 D:\phpStudy\WWW\bjjfsd\Application\Home\Controller\IndexController.class.php 第 22 行.
NOTIC: [8] Undefined offset: 0 D:\phpStudy\WWW\bjjfsd\Application\Home\Controller\IndexController.class.php 第 22 行.
NOTIC: [8] Undefined offset: 0 D:\phpStudy\WWW\bjjfsd\Application\Home\Controller\IndexController.class.php 第 22 行.
INFO: [ view_parse ] --START--
INFO: [ template_filter ] --START--
INFO: Run Behavior\ContentReplaceBehavior [ RunTime:0.001000s ]
INFO: [ template_filter ] --END-- [ RunTime:0.001000s ]
INFO: Run Behavior\ParseTemplateBehavior [ RunTime:0.020001s ]
INFO: [ view_parse ] --END-- [ RunTime:0.020001s ]
INFO: [ view_filter ] --START--
INFO: Run Behavior\WriteHtmlCacheBehavior [ RunTime:0.000000s ]
INFO: [ view_filter ] --END-- [ RunTime:0.001000s ]
INFO: [ app_end ] --START--
INFO: Run Behavior\ShowPageTraceBehavior [ RunTime:0.001000s ]
INFO: [ app_end ] --END-- [ RunTime:0.001000s ]

[ 2015-11-30T10:30:24+08:00 ] 127.0.0.1 /index/lists/catid/1.html
INFO: [ app_init ] --START--
INFO: Run Behavior\BuildLiteBehavior [ RunTime:0.000000s ]
INFO: [ app_init ] --END-- [ RunTime:0.001000s ]
INFO: [ app_begin ] --START--
INFO: Run Behavior\ReadHtmlCacheBehavior [ RunTime:0.001000s ]
INFO: [ app_begin ] --END-- [ RunTime:0.001000s ]
NOTIC: [2048] Declaration of Home\Controller\IndexController::show() should be compatible with that of Think\Controller::show() D:\phpStudy\WWW\bjjfsd\Application\Home\Controller\IndexController.class.php 第 4 行.
SQL: SHOW COLUMNS FROM `jfsd_category` [ RunTime:0.0050s ]
NOTIC: [8] Undefined offset: 0 D:\phpStudy\WWW\bjjfsd\Application\Home\Controller\IndexController.class.php 第 22 行.
NOTIC: [8] Undefined offset: 0 D:\phpStudy\WWW\bjjfsd\Application\Home\Controller\IndexController.class.php 第 22 行.
NOTIC: [8] Undefined offset: 0 D:\phpStudy\WWW\bjjfsd\Application\Home\Controller\IndexController.class.php 第 22 行.
INFO: [ view_parse ] --START--
INFO: [ template_filter ] --START--
INFO: Run Behavior\ContentReplaceBehavior [ RunTime:0.000000s ]
INFO: [ template_filter ] --END-- [ RunTime:0.000000s ]
INFO: Run Behavior\ParseTemplateBehavior [ RunTime:0.013001s ]
INFO: [ view_parse ] --END-- [ RunTime:0.013001s ]
INFO: [ view_filter ] --START--
INFO: Run Behavior\WriteHtmlCacheBehavior [ RunTime:0.001000s ]
INFO: [ view_filter ] --END-- [ RunTime:0.001000s ]
INFO: [ app_end ] --START--
INFO: Run Behavior\ShowPageTraceBehavior [ RunTime:0.001000s ]
INFO: [ app_end ] --END-- [ RunTime:0.001000s ]

[ 2015-11-30T10:30:25+08:00 ] 127.0.0.1 /index/lists/catid/9.html
INFO: [ app_init ] --START--
INFO: Run Behavior\BuildLiteBehavior [ RunTime:0.000000s ]
INFO: [ app_init ] --END-- [ RunTime:0.001000s ]
INFO: [ app_begin ] --START--
INFO: Run Behavior\ReadHtmlCacheBehavior [ RunTime:0.000000s ]
INFO: [ app_begin ] --END-- [ RunTime:0.000000s ]
NOTIC: [2048] Declaration of Home\Controller\IndexController::show() should be compatible with that of Think\Controller::show() D:\phpStudy\WWW\bjjfsd\Application\Home\Controller\IndexController.class.php 第 4 行.
SQL: SHOW COLUMNS FROM `jfsd_category` [ RunTime:0.0050s ]
NOTIC: [8] Undefined offset: 0 D:\phpStudy\WWW\bjjfsd\Application\Home\Controller\IndexController.class.php 第 22 行.
NOTIC: [8] Undefined offset: 0 D:\phpStudy\WWW\bjjfsd\Application\Home\Controller\IndexController.class.php 第 22 行.
NOTIC: [8] Undefined offset: 0 D:\phpStudy\WWW\bjjfsd\Application\Home\Controller\IndexController.class.php 第 22 行.
INFO: [ view_parse ] --START--
INFO: [ template_filter ] --START--
INFO: Run Behavior\ContentReplaceBehavior [ RunTime:0.000000s ]
INFO: [ template_filter ] --END-- [ RunTime:0.000000s ]
INFO: Run Behavior\ParseTemplateBehavior [ RunTime:0.018001s ]
INFO: [ view_parse ] --END-- [ RunTime:0.018001s ]
INFO: [ view_filter ] --START--
INFO: Run Behavior\WriteHtmlCacheBehavior [ RunTime:0.000000s ]
INFO: [ view_filter ] --END-- [ RunTime:0.000000s ]
INFO: [ app_end ] --START--
INFO: Run Behavior\ShowPageTraceBehavior [ RunTime:0.000000s ]
INFO: [ app_end ] --END-- [ RunTime:0.000000s ]

[ 2015-11-30T10:30:28+08:00 ] 127.0.0.1 /index/lists/catid/9.html
INFO: [ app_init ] --START--
INFO: Run Behavior\BuildLiteBehavior [ RunTime:0.000000s ]
INFO: [ app_init ] --END-- [ RunTime:0.001000s ]
INFO: [ app_begin ] --START--
INFO: Run Behavior\ReadHtmlCacheBehavior [ RunTime:0.001000s ]
INFO: [ app_begin ] --END-- [ RunTime:0.001000s ]
NOTIC: [2048] Declaration of Home\Controller\IndexController::show() should be compatible with that of Think\Controller::show() D:\phpStudy\WWW\bjjfsd\Application\Home\Controller\IndexController.class.php 第 4 行.
SQL: SHOW COLUMNS FROM `jfsd_category` [ RunTime:0.0050s ]
NOTIC: [8] Undefined offset: 0 D:\phpStudy\WWW\bjjfsd\Application\Home\Controller\IndexController.class.php 第 22 行.
NOTIC: [8] Undefined offset: 0 D:\phpStudy\WWW\bjjfsd\Application\Home\Controller\IndexController.class.php 第 22 行.
NOTIC: [8] Undefined offset: 0 D:\phpStudy\WWW\bjjfsd\Application\Home\Controller\IndexController.class.php 第 22 行.
INFO: [ view_parse ] --START--
INFO: [ template_filter ] --START--
INFO: Run Behavior\ContentReplaceBehavior [ RunTime:0.000000s ]
INFO: [ template_filter ] --END-- [ RunTime:0.000000s ]
INFO: Run Behavior\ParseTemplateBehavior [ RunTime:0.027002s ]
INFO: [ view_parse ] --END-- [ RunTime:0.027002s ]
INFO: [ view_filter ] --START--
INFO: Run Behavior\WriteHtmlCacheBehavior [ RunTime:0.001000s ]
INFO: [ view_filter ] --END-- [ RunTime:0.001000s ]
INFO: [ app_end ] --START--
INFO: Run Behavior\ShowPageTraceBehavior [ RunTime:0.001000s ]
INFO: [ app_end ] --END-- [ RunTime:0.001000s ]

[ 2015-11-30T10:30:28+08:00 ] 127.0.0.1 /favicon.ico
INFO: [ app_init ] --START--
INFO: Run Behavior\BuildLiteBehavior [ RunTime:0.000000s ]
INFO: [ app_init ] --END-- [ RunTime:0.001000s ]

[ 2015-11-30T10:30:37+08:00 ] 127.0.0.1 /index/lists/catid/1.html
INFO: [ app_init ] --START--
INFO: Run Behavior\BuildLiteBehavior [ RunTime:0.000000s ]
INFO: [ app_init ] --END-- [ RunTime:0.001000s ]
INFO: [ app_begin ] --START--
INFO: Run Behavior\ReadHtmlCacheBehavior [ RunTime:0.001000s ]
INFO: [ app_begin ] --END-- [ RunTime:0.002000s ]
NOTIC: [2048] Declaration of Home\Controller\IndexController::show() should be compatible with that of Think\Controller::show() D:\phpStudy\WWW\bjjfsd\Application\Home\Controller\IndexController.class.php 第 4 行.
SQL: SHOW COLUMNS FROM `jfsd_category` [ RunTime:0.0040s ]
NOTIC: [8] Undefined offset: 0 D:\phpStudy\WWW\bjjfsd\Application\Home\Controller\IndexController.class.php 第 22 行.
NOTIC: [8] Undefined offset: 0 D:\phpStudy\WWW\bjjfsd\Application\Home\Controller\IndexController.class.php 第 22 行.
NOTIC: [8] Undefined offset: 0 D:\phpStudy\WWW\bjjfsd\Application\Home\Controller\IndexController.class.php 第 22 行.
INFO: [ view_parse ] --START--
INFO: [ template_filter ] --START--
INFO: Run Behavior\ContentReplaceBehavior [ RunTime:0.000000s ]
INFO: [ template_filter ] --END-- [ RunTime:0.000000s ]
INFO: Run Behavior\ParseTemplateBehavior [ RunTime:0.012001s ]
INFO: [ view_parse ] --END-- [ RunTime:0.012001s ]
INFO: [ view_filter ] --START--
INFO: Run Behavior\WriteHtmlCacheBehavior [ RunTime:0.001000s ]
INFO: [ view_filter ] --END-- [ RunTime:0.001000s ]
INFO: [ app_end ] --START--
INFO: Run Behavior\ShowPageTraceBehavior [ RunTime:0.001000s ]
INFO: [ app_end ] --END-- [ RunTime:0.001000s ]

[ 2015-11-30T10:30:39+08:00 ] 127.0.0.1 /index/lists/catid/7.html
INFO: [ app_init ] --START--
INFO: Run Behavior\BuildLiteBehavior [ RunTime:0.000000s ]
INFO: [ app_init ] --END-- [ RunTime:0.001000s ]
INFO: [ app_begin ] --START--
INFO: Run Behavior\ReadHtmlCacheBehavior [ RunTime:0.001000s ]
INFO: [ app_begin ] --END-- [ RunTime:0.001000s ]
NOTIC: [2048] Declaration of Home\Controller\IndexController::show() should be compatible with that of Think\Controller::show() D:\phpStudy\WWW\bjjfsd\Application\Home\Controller\IndexController.class.php 第 4 行.
SQL: SHOW COLUMNS FROM `jfsd_category` [ RunTime:0.0070s ]
NOTIC: [8] Undefined offset: 0 D:\phpStudy\WWW\bjjfsd\Application\Home\Controller\IndexController.class.php 第 22 行.
NOTIC: [8] Undefined offset: 0 D:\phpStudy\WWW\bjjfsd\Application\Home\Controller\IndexController.class.php 第 22 行.
NOTIC: [8] Undefined offset: 0 D:\phpStudy\WWW\bjjfsd\Application\Home\Controller\IndexController.class.php 第 22 行.
INFO: [ view_parse ] --START--
INFO: [ template_filter ] --START--
INFO: Run Behavior\ContentReplaceBehavior [ RunTime:0.000000s ]
INFO: [ template_filter ] --END-- [ RunTime:0.001000s ]
INFO: Run Behavior\ParseTemplateBehavior [ RunTime:0.026002s ]
INFO: [ view_parse ] --END-- [ RunTime:0.026002s ]
INFO: [ view_filter ] --START--
INFO: Run Behavior\WriteHtmlCacheBehavior [ RunTime:0.000000s ]
INFO: [ view_filter ] --END-- [ RunTime:0.000000s ]
INFO: [ app_end ] --START--
INFO: Run Behavior\ShowPageTraceBehavior [ RunTime:0.001000s ]
INFO: [ app_end ] --END-- [ RunTime:0.001000s ]

[ 2015-11-30T10:30:48+08:00 ] 127.0.0.1 /index/lists/catid/1.html
INFO: [ app_init ] --START--
INFO: Run Behavior\BuildLiteBehavior [ RunTime:0.000000s ]
INFO: [ app_init ] --END-- [ RunTime:0.001000s ]
INFO: [ app_begin ] --START--
INFO: Run Behavior\ReadHtmlCacheBehavior [ RunTime:0.001000s ]
INFO: [ app_begin ] --END-- [ RunTime:0.001000s ]
NOTIC: [2048] Declaration of Home\Controller\IndexController::show() should be compatible with that of Think\Controller::show() D:\phpStudy\WWW\bjjfsd\Application\Home\Controller\IndexController.class.php 第 4 行.
SQL: SHOW COLUMNS FROM `jfsd_category` [ RunTime:0.0060s ]
NOTIC: [8] Undefined offset: 0 D:\phpStudy\WWW\bjjfsd\Application\Home\Controller\IndexController.class.php 第 22 行.
NOTIC: [8] Undefined offset: 0 D:\phpStudy\WWW\bjjfsd\Application\Home\Controller\IndexController.class.php 第 22 行.
NOTIC: [8] Undefined offset: 0 D:\phpStudy\WWW\bjjfsd\Application\Home\Controller\IndexController.class.php 第 22 行.
INFO: [ view_parse ] --START--
INFO: [ template_filter ] --START--
INFO: Run Behavior\ContentReplaceBehavior [ RunTime:0.001000s ]
INFO: [ template_filter ] --END-- [ RunTime:0.001000s ]
INFO: Run Behavior\ParseTemplateBehavior [ RunTime:0.014000s ]
INFO: [ view_parse ] --END-- [ RunTime:0.014000s ]
INFO: [ view_filter ] --START--
INFO: Run Behavior\WriteHtmlCacheBehavior [ RunTime:0.001000s ]
INFO: [ view_filter ] --END-- [ RunTime:0.001000s ]
INFO: [ app_end ] --START--
INFO: Run Behavior\ShowPageTraceBehavior [ RunTime:0.002001s ]
INFO: [ app_end ] --END-- [ RunTime:0.002001s ]

[ 2015-11-30T10:30:52+08:00 ] 127.0.0.1 /index/lists/catid/7.html
INFO: [ app_init ] --START--
INFO: Run Behavior\BuildLiteBehavior [ RunTime:0.000000s ]
INFO: [ app_init ] --END-- [ RunTime:0.000000s ]
INFO: [ app_begin ] --START--
INFO: Run Behavior\ReadHtmlCacheBehavior [ RunTime:0.002000s ]
INFO: [ app_begin ] --END-- [ RunTime:0.002000s ]
NOTIC: [2048] Declaration of Home\Controller\IndexController::show() should be compatible with that of Think\Controller::show() D:\phpStudy\WWW\bjjfsd\Application\Home\Controller\IndexController.class.php 第 4 行.
SQL: SHOW COLUMNS FROM `jfsd_category` [ RunTime:0.0050s ]
NOTIC: [8] Undefined offset: 0 D:\phpStudy\WWW\bjjfsd\Application\Home\Controller\IndexController.class.php 第 22 行.
NOTIC: [8] Undefined offset: 0 D:\phpStudy\WWW\bjjfsd\Application\Home\Controller\IndexController.class.php 第 22 行.
NOTIC: [8] Undefined offset: 0 D:\phpStudy\WWW\bjjfsd\Application\Home\Controller\IndexController.class.php 第 22 行.
INFO: [ view_parse ] --START--
INFO: [ template_filter ] --START--
INFO: Run Behavior\ContentReplaceBehavior [ RunTime:0.001000s ]
INFO: [ template_filter ] --END-- [ RunTime:0.001000s ]
INFO: Run Behavior\ParseTemplateBehavior [ RunTime:0.033002s ]
INFO: [ view_parse ] --END-- [ RunTime:0.033002s ]
INFO: [ view_filter ] --START--
INFO: Run Behavior\WriteHtmlCacheBehavior [ RunTime:0.001000s ]
INFO: [ view_filter ] --END-- [ RunTime:0.001000s ]
INFO: [ app_end ] --START--
INFO: Run Behavior\ShowPageTraceBehavior [ RunTime:0.002001s ]
INFO: [ app_end ] --END-- [ RunTime:0.002001s ]

[ 2015-11-30T10:37:31+08:00 ] 127.0.0.1 /index/lists/catid/7.html
INFO: [ app_init ] --START--
INFO: Run Behavior\BuildLiteBehavior [ RunTime:0.000000s ]
INFO: [ app_init ] --END-- [ RunTime:0.001000s ]
INFO: [ app_begin ] --START--
INFO: Run Behavior\ReadHtmlCacheBehavior [ RunTime:0.001000s ]
INFO: [ app_begin ] --END-- [ RunTime:0.002000s ]
NOTIC: [2048] Declaration of Home\Controller\IndexController::show() should be compatible with that of Think\Controller::show() D:\phpStudy\WWW\bjjfsd\Application\Home\Controller\IndexController.class.php 第 4 行.
SQL: SHOW COLUMNS FROM `jfsd_category` [ RunTime:0.0050s ]
NOTIC: [8] Undefined offset: 0 D:\phpStudy\WWW\bjjfsd\Application\Home\Controller\IndexController.class.php 第 22 行.
NOTIC: [8] Undefined offset: 0 D:\phpStudy\WWW\bjjfsd\Application\Home\Controller\IndexController.class.php 第 22 行.
NOTIC: [8] Undefined offset: 0 D:\phpStudy\WWW\bjjfsd\Application\Home\Controller\IndexController.class.php 第 22 行.
INFO: [ view_parse ] --START--
INFO: [ template_filter ] --START--
INFO: Run Behavior\ContentReplaceBehavior [ RunTime:0.000000s ]
INFO: [ template_filter ] --END-- [ RunTime:0.001000s ]
INFO: Run Behavior\ParseTemplateBehavior [ RunTime:0.025001s ]
INFO: [ view_parse ] --END-- [ RunTime:0.026001s ]
INFO: [ view_filter ] --START--
INFO: Run Behavior\WriteHtmlCacheBehavior [ RunTime:0.000000s ]
INFO: [ view_filter ] --END-- [ RunTime:0.000000s ]
INFO: [ app_end ] --START--
INFO: Run Behavior\ShowPageTraceBehavior [ RunTime:0.001000s ]
INFO: [ app_end ] --END-- [ RunTime:0.001000s ]

[ 2015-11-30T10:37:35+08:00 ] 127.0.0.1 /index/lists/catid/1.html
INFO: [ app_init ] --START--
INFO: Run Behavior\BuildLiteBehavior [ RunTime:0.000000s ]
INFO: [ app_init ] --END-- [ RunTime:0.000000s ]
INFO: [ app_begin ] --START--
INFO: Run Behavior\ReadHtmlCacheBehavior [ RunTime:0.002001s ]
INFO: [ app_begin ] --END-- [ RunTime:0.002001s ]
NOTIC: [2048] Declaration of Home\Controller\IndexController::show() should be compatible with that of Think\Controller::show() D:\phpStudy\WWW\bjjfsd\Application\Home\Controller\IndexController.class.php 第 4 行.
SQL: SHOW COLUMNS FROM `jfsd_category` [ RunTime:0.0070s ]
NOTIC: [8] Undefined offset: 0 D:\phpStudy\WWW\bjjfsd\Application\Home\Controller\IndexController.class.php 第 22 行.
NOTIC: [8] Undefined offset: 0 D:\phpStudy\WWW\bjjfsd\Application\Home\Controller\IndexController.class.php 第 22 行.
NOTIC: [8] Undefined offset: 0 D:\phpStudy\WWW\bjjfsd\Application\Home\Controller\IndexController.class.php 第 22 行.
INFO: [ view_parse ] --START--
INFO: [ template_filter ] --START--
INFO: Run Behavior\ContentReplaceBehavior [ RunTime:0.000000s ]
INFO: [ template_filter ] --END-- [ RunTime:0.000000s ]
INFO: Run Behavior\ParseTemplateBehavior [ RunTime:0.014001s ]
INFO: [ view_parse ] --END-- [ RunTime:0.014001s ]
INFO: [ view_filter ] --START--
INFO: Run Behavior\WriteHtmlCacheBehavior [ RunTime:0.001000s ]
INFO: [ view_filter ] --END-- [ RunTime:0.001000s ]
INFO: [ app_end ] --START--
INFO: Run Behavior\ShowPageTraceBehavior [ RunTime:0.001000s ]
INFO: [ app_end ] --END-- [ RunTime:0.001000s ]

[ 2015-11-30T10:37:38+08:00 ] 127.0.0.1 /index/lists/catid/9.html
INFO: [ app_init ] --START--
INFO: Run Behavior\BuildLiteBehavior [ RunTime:0.000000s ]
INFO: [ app_init ] --END-- [ RunTime:0.001000s ]
INFO: [ app_begin ] --START--
INFO: Run Behavior\ReadHtmlCacheBehavior [ RunTime:0.001000s ]
INFO: [ app_begin ] --END-- [ RunTime:0.001000s ]
NOTIC: [2048] Declaration of Home\Controller\IndexController::show() should be compatible with that of Think\Controller::show() D:\phpStudy\WWW\bjjfsd\Application\Home\Controller\IndexController.class.php 第 4 行.
SQL: SHOW COLUMNS FROM `jfsd_category` [ RunTime:0.0050s ]
NOTIC: [8] Undefined offset: 0 D:\phpStudy\WWW\bjjfsd\Application\Home\Controller\IndexController.class.php 第 22 行.
NOTIC: [8] Undefined offset: 0 D:\phpStudy\WWW\bjjfsd\Application\Home\Controller\IndexController.class.php 第 22 行.
NOTIC: [8] Undefined offset: 0 D:\phpStudy\WWW\bjjfsd\Application\Home\Controller\IndexController.class.php 第 22 行.
INFO: [ view_parse ] --START--
INFO: [ template_filter ] --START--
INFO: Run Behavior\ContentReplaceBehavior [ RunTime:0.000000s ]
INFO: [ template_filter ] --END-- [ RunTime:0.000000s ]
INFO: Run Behavior\ParseTemplateBehavior [ RunTime:0.022001s ]
INFO: [ view_parse ] --END-- [ RunTime:0.022001s ]
INFO: [ view_filter ] --START--
INFO: Run Behavior\WriteHtmlCacheBehavior [ RunTime:0.001000s ]
INFO: [ view_filter ] --END-- [ RunTime:0.001000s ]
INFO: [ app_end ] --START--
INFO: Run Behavior\ShowPageTraceBehavior [ RunTime:0.001001s ]
INFO: [ app_end ] --END-- [ RunTime:0.001001s ]

[ 2015-11-30T15:20:48+08:00 ] 127.0.0.1 /
INFO: [ app_init ] --START--
INFO: Run Behavior\BuildLiteBehavior [ RunTime:0.000000s ]
INFO: [ app_init ] --END-- [ RunTime:0.001000s ]
INFO: [ app_begin ] --START--
INFO: Run Behavior\ReadHtmlCacheBehavior [ RunTime:0.012000s ]
INFO: [ app_begin ] --END-- [ RunTime:0.012000s ]
NOTIC: [2048] Declaration of Home\Controller\IndexController::show() should be compatible with that of Think\Controller::show() D:\phpStudy\WWW\bjjfsd\Application\Home\Controller\IndexController.class.php 第 4 行.
SQL: SHOW COLUMNS FROM `jfsd_category` [ RunTime:0.3070s ]
NOTIC: [8] Undefined offset: 0 D:\phpStudy\WWW\bjjfsd\Application\Home\Controller\IndexController.class.php 第 22 行.
NOTIC: [8] Undefined offset: 0 D:\phpStudy\WWW\bjjfsd\Application\Home\Controller\IndexController.class.php 第 22 行.
NOTIC: [8] Undefined offset: 0 D:\phpStudy\WWW\bjjfsd\Application\Home\Controller\IndexController.class.php 第 22 行.
NOTIC: [8] Undefined offset: 0 D:\phpStudy\WWW\bjjfsd\Application\Home\Controller\IndexController.class.php 第 22 行.
NOTIC: [8] Undefined offset: 0 D:\phpStudy\WWW\bjjfsd\Application\Home\Controller\IndexController.class.php 第 22 行.
NOTIC: [8] Undefined offset: 0 D:\phpStudy\WWW\bjjfsd\Application\Home\Controller\IndexController.class.php 第 22 行.
NOTIC: [8] Undefined offset: 0 D:\phpStudy\WWW\bjjfsd\Application\Home\Controller\IndexController.class.php 第 22 行.
NOTIC: [8] Undefined offset: 0 D:\phpStudy\WWW\bjjfsd\Application\Home\Controller\IndexController.class.php 第 22 行.
NOTIC: [8] Undefined offset: 0 D:\phpStudy\WWW\bjjfsd\Application\Home\Controller\IndexController.class.php 第 22 行.
NOTIC: [8] Undefined offset: 0 D:\phpStudy\WWW\bjjfsd\Application\Home\Controller\IndexController.class.php 第 22 行.
NOTIC: [8] Undefined offset: 0 D:\phpStudy\WWW\bjjfsd\Application\Home\Controller\IndexController.class.php 第 22 行.
NOTIC: [8] Undefined offset: 0 D:\phpStudy\WWW\bjjfsd\Application\Home\Controller\IndexController.class.php 第 22 行.
NOTIC: [8] Undefined variable: top_catid D:\phpStudy\WWW\bjjfsd\Application\Home\Controller\IndexController.class.php 第 30 行.
INFO: [ view_parse ] --START--
INFO: [ template_filter ] --START--
INFO: Run Behavior\ContentReplaceBehavior [ RunTime:0.001000s ]
INFO: [ template_filter ] --END-- [ RunTime:0.001000s ]
SQL: SHOW COLUMNS FROM `jfsd_banner_data` [ RunTime:0.0620s ]
SQL: SELECT * FROM `jfsd_banner_data` WHERE `bid` = 1 ORDER BY sort desc, id desc  [ RunTime:0.1310s ]
SQL: SHOW COLUMNS FROM `jfsd_product` [ RunTime:0.0790s ]
SQL: SELECT * FROM `jfsd_product` WHERE `status` = 1 AND `position_1` = 1 ORDER BY sort desc, id desc LIMIT 4   [ RunTime:0.0660s ]
SQL: SELECT * FROM `jfsd_banner_data` WHERE `bid` = 3 ORDER BY sort desc, id desc LIMIT 18   [ RunTime:0.0340s ]
SQL: SELECT * FROM `jfsd_banner_data` WHERE `bid` = 2 ORDER BY sort desc, id desc LIMIT 96   [ RunTime:0.0180s ]
INFO: Run Behavior\ParseTemplateBehavior [ RunTime:0.758043s ]
INFO: [ view_parse ] --END-- [ RunTime:0.759043s ]
INFO: [ view_filter ] --START--
INFO: Run Behavior\WriteHtmlCacheBehavior [ RunTime:0.022001s ]
INFO: [ view_filter ] --END-- [ RunTime:0.022001s ]
INFO: [ app_end ] --START--
INFO: Run Behavior\ShowPageTraceBehavior [ RunTime:0.018001s ]
INFO: [ app_end ] --END-- [ RunTime:0.018001s ]

[ 2015-11-30T15:20:49+08:00 ] 127.0.0.1 /favicon.ico
INFO: [ app_init ] --START--
INFO: Run Behavior\BuildLiteBehavior [ RunTime:0.000000s ]
INFO: [ app_init ] --END-- [ RunTime:0.001000s ]

[ 2015-11-30T15:20:51+08:00 ] 127.0.0.1 /index/lists/catid/1.html
INFO: [ app_init ] --START--
INFO: Run Behavior\BuildLiteBehavior [ RunTime:0.000000s ]
INFO: [ app_init ] --END-- [ RunTime:0.000000s ]
INFO: [ app_begin ] --START--
INFO: Run Behavior\ReadHtmlCacheBehavior [ RunTime:0.001000s ]
INFO: [ app_begin ] --END-- [ RunTime:0.001000s ]
NOTIC: [2048] Declaration of Home\Controller\IndexController::show() should be compatible with that of Think\Controller::show() D:\phpStudy\WWW\bjjfsd\Application\Home\Controller\IndexController.class.php 第 4 行.
SQL: SHOW COLUMNS FROM `jfsd_category` [ RunTime:0.0360s ]
NOTIC: [8] Undefined offset: 0 D:\phpStudy\WWW\bjjfsd\Application\Home\Controller\IndexController.class.php 第 22 行.
NOTIC: [8] Undefined offset: 0 D:\phpStudy\WWW\bjjfsd\Application\Home\Controller\IndexController.class.php 第 22 行.
NOTIC: [8] Undefined offset: 0 D:\phpStudy\WWW\bjjfsd\Application\Home\Controller\IndexController.class.php 第 22 行.
INFO: [ view_parse ] --START--
INFO: [ template_filter ] --START--
INFO: Run Behavior\ContentReplaceBehavior [ RunTime:0.000000s ]
INFO: [ template_filter ] --END-- [ RunTime:0.000000s ]
INFO: Run Behavior\ParseTemplateBehavior [ RunTime:0.043003s ]
INFO: [ view_parse ] --END-- [ RunTime:0.043003s ]
INFO: [ view_filter ] --START--
INFO: Run Behavior\WriteHtmlCacheBehavior [ RunTime:0.000000s ]
INFO: [ view_filter ] --END-- [ RunTime:0.001000s ]
INFO: [ app_end ] --START--
INFO: Run Behavior\ShowPageTraceBehavior [ RunTime:0.001000s ]
INFO: [ app_end ] --END-- [ RunTime:0.001000s ]

[ 2015-11-30T15:21:14+08:00 ] 127.0.0.1 /index/lists/catid/
INFO: [ app_init ] --START--
INFO: Run Behavior\BuildLiteBehavior [ RunTime:0.000000s ]
INFO: [ app_init ] --END-- [ RunTime:0.001000s ]
INFO: [ app_begin ] --START--
INFO: Run Behavior\ReadHtmlCacheBehavior [ RunTime:0.001000s ]
INFO: [ app_begin ] --END-- [ RunTime:0.001000s ]
NOTIC: [2048] Declaration of Home\Controller\IndexController::show() should be compatible with that of Think\Controller::show() D:\phpStudy\WWW\bjjfsd\Application\Home\Controller\IndexController.class.php 第 4 行.
SQL: SHOW COLUMNS FROM `jfsd_category` [ RunTime:0.0050s ]
NOTIC: [8] Undefined offset: 0 D:\phpStudy\WWW\bjjfsd\Application\Home\Controller\IndexController.class.php 第 22 行.
NOTIC: [8] Undefined offset: 0 D:\phpStudy\WWW\bjjfsd\Application\Home\Controller\IndexController.class.php 第 22 行.
NOTIC: [8] Undefined offset: 0 D:\phpStudy\WWW\bjjfsd\Application\Home\Controller\IndexController.class.php 第 22 行.
NOTIC: [8] Undefined offset: 0 D:\phpStudy\WWW\bjjfsd\Application\Home\Controller\IndexController.class.php 第 22 行.
NOTIC: [8] Undefined offset: 0 D:\phpStudy\WWW\bjjfsd\Application\Home\Controller\IndexController.class.php 第 22 行.
NOTIC: [8] Undefined offset: 0 D:\phpStudy\WWW\bjjfsd\Application\Home\Controller\IndexController.class.php 第 22 行.
NOTIC: [8] Undefined offset: 0 D:\phpStudy\WWW\bjjfsd\Application\Home\Controller\IndexController.class.php 第 22 行.
NOTIC: [8] Undefined offset: 0 D:\phpStudy\WWW\bjjfsd\Application\Home\Controller\IndexController.class.php 第 22 行.
NOTIC: [8] Undefined offset: 0 D:\phpStudy\WWW\bjjfsd\Application\Home\Controller\IndexController.class.php 第 22 行.
NOTIC: [8] Undefined offset: 0 D:\phpStudy\WWW\bjjfsd\Application\Home\Controller\IndexController.class.php 第 22 行.
NOTIC: [8] Undefined offset: 0 D:\phpStudy\WWW\bjjfsd\Application\Home\Controller\IndexController.class.php 第 22 行.
NOTIC: [8] Undefined offset: 0 D:\phpStudy\WWW\bjjfsd\Application\Home\Controller\IndexController.class.php 第 22 行.
NOTIC: [8] Undefined variable: top_catid D:\phpStudy\WWW\bjjfsd\Application\Home\Controller\IndexController.class.php 第 30 行.

[ 2015-11-30T15:21:14+08:00 ] 127.0.0.1 /index/index.html
INFO: [ app_init ] --START--
INFO: Run Behavior\BuildLiteBehavior [ RunTime:0.000000s ]
INFO: [ app_init ] --END-- [ RunTime:0.001000s ]
INFO: [ app_begin ] --START--
INFO: Run Behavior\ReadHtmlCacheBehavior [ RunTime:0.001000s ]
INFO: [ app_begin ] --END-- [ RunTime:0.001000s ]
NOTIC: [2048] Declaration of Home\Controller\IndexController::show() should be compatible with that of Think\Controller::show() D:\phpStudy\WWW\bjjfsd\Application\Home\Controller\IndexController.class.php 第 4 行.
SQL: SHOW COLUMNS FROM `jfsd_category` [ RunTime:0.0050s ]
NOTIC: [8] Undefined offset: 0 D:\phpStudy\WWW\bjjfsd\Application\Home\Controller\IndexController.class.php 第 22 行.
NOTIC: [8] Undefined offset: 0 D:\phpStudy\WWW\bjjfsd\Application\Home\Controller\IndexController.class.php 第 22 行.
NOTIC: [8] Undefined offset: 0 D:\phpStudy\WWW\bjjfsd\Application\Home\Controller\IndexController.class.php 第 22 行.
NOTIC: [8] Undefined offset: 0 D:\phpStudy\WWW\bjjfsd\Application\Home\Controller\IndexController.class.php 第 22 行.
NOTIC: [8] Undefined offset: 0 D:\phpStudy\WWW\bjjfsd\Application\Home\Controller\IndexController.class.php 第 22 行.
NOTIC: [8] Undefined offset: 0 D:\phpStudy\WWW\bjjfsd\Application\Home\Controller\IndexController.class.php 第 22 行.
NOTIC: [8] Undefined offset: 0 D:\phpStudy\WWW\bjjfsd\Application\Home\Controller\IndexController.class.php 第 22 行.
NOTIC: [8] Undefined offset: 0 D:\phpStudy\WWW\bjjfsd\Application\Home\Controller\IndexController.class.php 第 22 行.
NOTIC: [8] Undefined offset: 0 D:\phpStudy\WWW\bjjfsd\Application\Home\Controller\IndexController.class.php 第 22 行.
NOTIC: [8] Undefined offset: 0 D:\phpStudy\WWW\bjjfsd\Application\Home\Controller\IndexController.class.php 第 22 行.
NOTIC: [8] Undefined offset: 0 D:\phpStudy\WWW\bjjfsd\Application\Home\Controller\IndexController.class.php 第 22 行.
NOTIC: [8] Undefined offset: 0 D:\phpStudy\WWW\bjjfsd\Application\Home\Controller\IndexController.class.php 第 22 行.
NOTIC: [8] Undefined variable: top_catid D:\phpStudy\WWW\bjjfsd\Application\Home\Controller\IndexController.class.php 第 30 行.
INFO: [ view_parse ] --START--
INFO: [ template_filter ] --START--
INFO: Run Behavior\ContentReplaceBehavior [ RunTime:0.000000s ]
INFO: [ template_filter ] --END-- [ RunTime:0.000000s ]
SQL: SHOW COLUMNS FROM `jfsd_banner_data` [ RunTime:0.0050s ]
SQL: SHOW COLUMNS FROM `jfsd_product` [ RunTime:0.0050s ]
INFO: Run Behavior\ParseTemplateBehavior [ RunTime:0.048003s ]
INFO: [ view_parse ] --END-- [ RunTime:0.048003s ]
INFO: [ view_filter ] --START--
INFO: Run Behavior\WriteHtmlCacheBehavior [ RunTime:0.000000s ]
INFO: [ view_filter ] --END-- [ RunTime:0.000000s ]
INFO: [ app_end ] --START--
INFO: Run Behavior\ShowPageTraceBehavior [ RunTime:0.001000s ]
INFO: [ app_end ] --END-- [ RunTime:0.001000s ]

[ 2015-11-30T15:21:17+08:00 ] 127.0.0.1 /index/lists/catid/2.html
INFO: [ app_init ] --START--
INFO: Run Behavior\BuildLiteBehavior [ RunTime:0.000000s ]
INFO: [ app_init ] --END-- [ RunTime:0.001000s ]
INFO: [ app_begin ] --START--
INFO: Run Behavior\ReadHtmlCacheBehavior [ RunTime:0.001000s ]
INFO: [ app_begin ] --END-- [ RunTime:0.001000s ]
NOTIC: [2048] Declaration of Home\Controller\IndexController::show() should be compatible with that of Think\Controller::show() D:\phpStudy\WWW\bjjfsd\Application\Home\Controller\IndexController.class.php 第 4 行.
SQL: SHOW COLUMNS FROM `jfsd_category` [ RunTime:0.0050s ]
NOTIC: [8] Undefined offset: 0 D:\phpStudy\WWW\bjjfsd\Application\Home\Controller\IndexController.class.php 第 22 行.
NOTIC: [8] Undefined offset: 0 D:\phpStudy\WWW\bjjfsd\Application\Home\Controller\IndexController.class.php 第 22 行.
NOTIC: [8] Undefined offset: 0 D:\phpStudy\WWW\bjjfsd\Application\Home\Controller\IndexController.class.php 第 22 行.
SQL: SHOW COLUMNS FROM `jfsd_product` [ RunTime:0.0070s ]
SQL: SELECT COUNT(*) AS tp_count FROM `jfsd_product` WHERE `status` = 1 AND `type` = 'Product' AND `catid` = 10 LIMIT 1   [ RunTime:0.0730s ]
NOTIC: [8] Undefined variable: field D:\phpStudy\WWW\bjjfsd\Application\Home\Common\IController.class.php 第 88 行.
SQL: SELECT * FROM `jfsd_product` WHERE `status` = 1 AND `type` = 'Product' AND `catid` = 10 ORDER BY id desc LIMIT 0,8   [ RunTime:0.0010s ]
INFO: [ view_parse ] --START--
INFO: [ template_filter ] --START--
INFO: Run Behavior\ContentReplaceBehavior [ RunTime:0.000000s ]
INFO: [ template_filter ] --END-- [ RunTime:0.000000s ]
NOTIC: [8] Use of undefined constant WEB_SITE_URL - assumed 'WEB_SITE_URL' D:\phpStudy\WWW\bjjfsd\Application\Runtime\Cache\Home\c95f96c956a052e9b89c2a78fdfc48b2.php 第 34 行.
NOTIC: [8] Undefined index: profession D:\phpStudy\WWW\bjjfsd\Application\Runtime\Cache\Home\c95f96c956a052e9b89c2a78fdfc48b2.php 第 57 行.
NOTIC: [8] Undefined index: style D:\phpStudy\WWW\bjjfsd\Application\Runtime\Cache\Home\c95f96c956a052e9b89c2a78fdfc48b2.php 第 57 行.
NOTIC: [8] Undefined index: server D:\phpStudy\WWW\bjjfsd\Application\Runtime\Cache\Home\c95f96c956a052e9b89c2a78fdfc48b2.php 第 57 行.
NOTIC: [8] Undefined index: profession D:\phpStudy\WWW\bjjfsd\Application\Runtime\Cache\Home\c95f96c956a052e9b89c2a78fdfc48b2.php 第 57 行.
NOTIC: [8] Undefined index: style D:\phpStudy\WWW\bjjfsd\Application\Runtime\Cache\Home\c95f96c956a052e9b89c2a78fdfc48b2.php 第 57 行.
NOTIC: [8] Undefined index: server D:\phpStudy\WWW\bjjfsd\Application\Runtime\Cache\Home\c95f96c956a052e9b89c2a78fdfc48b2.php 第 57 行.
NOTIC: [8] Undefined index: profession D:\phpStudy\WWW\bjjfsd\Application\Runtime\Cache\Home\c95f96c956a052e9b89c2a78fdfc48b2.php 第 57 行.
NOTIC: [8] Undefined index: style D:\phpStudy\WWW\bjjfsd\Application\Runtime\Cache\Home\c95f96c956a052e9b89c2a78fdfc48b2.php 第 57 行.
NOTIC: [8] Undefined index: server D:\phpStudy\WWW\bjjfsd\Application\Runtime\Cache\Home\c95f96c956a052e9b89c2a78fdfc48b2.php 第 57 行.
NOTIC: [8] Undefined index: profession D:\phpStudy\WWW\bjjfsd\Application\Runtime\Cache\Home\c95f96c956a052e9b89c2a78fdfc48b2.php 第 57 行.
NOTIC: [8] Undefined index: style D:\phpStudy\WWW\bjjfsd\Application\Runtime\Cache\Home\c95f96c956a052e9b89c2a78fdfc48b2.php 第 57 行.
NOTIC: [8] Undefined index: server D:\phpStudy\WWW\bjjfsd\Application\Runtime\Cache\Home\c95f96c956a052e9b89c2a78fdfc48b2.php 第 57 行.
NOTIC: [8] Undefined index: profession D:\phpStudy\WWW\bjjfsd\Application\Runtime\Cache\Home\c95f96c956a052e9b89c2a78fdfc48b2.php 第 57 行.
NOTIC: [8] Undefined index: style D:\phpStudy\WWW\bjjfsd\Application\Runtime\Cache\Home\c95f96c956a052e9b89c2a78fdfc48b2.php 第 57 行.
NOTIC: [8] Undefined index: server D:\phpStudy\WWW\bjjfsd\Application\Runtime\Cache\Home\c95f96c956a052e9b89c2a78fdfc48b2.php 第 57 行.
NOTIC: [8] Undefined index: profession D:\phpStudy\WWW\bjjfsd\Application\Runtime\Cache\Home\c95f96c956a052e9b89c2a78fdfc48b2.php 第 57 行.
NOTIC: [8] Undefined index: style D:\phpStudy\WWW\bjjfsd\Application\Runtime\Cache\Home\c95f96c956a052e9b89c2a78fdfc48b2.php 第 57 行.
NOTIC: [8] Undefined index: server D:\phpStudy\WWW\bjjfsd\Application\Runtime\Cache\Home\c95f96c956a052e9b89c2a78fdfc48b2.php 第 57 行.
NOTIC: [8] Undefined index: server D:\phpStudy\WWW\bjjfsd\Application\Runtime\Cache\Home\c95f96c956a052e9b89c2a78fdfc48b2.php 第 63 行.
NOTIC: [8] Undefined index: style D:\phpStudy\WWW\bjjfsd\Application\Runtime\Cache\Home\c95f96c956a052e9b89c2a78fdfc48b2.php 第 63 行.
NOTIC: [8] Undefined index: profession D:\phpStudy\WWW\bjjfsd\Application\Runtime\Cache\Home\c95f96c956a052e9b89c2a78fdfc48b2.php 第 63 行.
NOTIC: [8] Undefined index: server D:\phpStudy\WWW\bjjfsd\Application\Runtime\Cache\Home\c95f96c956a052e9b89c2a78fdfc48b2.php 第 63 行.
NOTIC: [8] Undefined index: style D:\phpStudy\WWW\bjjfsd\Application\Runtime\Cache\Home\c95f96c956a052e9b89c2a78fdfc48b2.php 第 63 行.
NOTIC: [8] Undefined index: profession D:\phpStudy\WWW\bjjfsd\Application\Runtime\Cache\Home\c95f96c956a052e9b89c2a78fdfc48b2.php 第 63 行.
NOTIC: [8] Undefined index: server D:\phpStudy\WWW\bjjfsd\Application\Runtime\Cache\Home\c95f96c956a052e9b89c2a78fdfc48b2.php 第 63 行.
NOTIC: [8] Undefined index: style D:\phpStudy\WWW\bjjfsd\Application\Runtime\Cache\Home\c95f96c956a052e9b89c2a78fdfc48b2.php 第 63 行.
NOTIC: [8] Undefined index: profession D:\phpStudy\WWW\bjjfsd\Application\Runtime\Cache\Home\c95f96c956a052e9b89c2a78fdfc48b2.php 第 63 行.
NOTIC: [8] Undefined index: server D:\phpStudy\WWW\bjjfsd\Application\Runtime\Cache\Home\c95f96c956a052e9b89c2a78fdfc48b2.php 第 63 行.
NOTIC: [8] Undefined index: style D:\phpStudy\WWW\bjjfsd\Application\Runtime\Cache\Home\c95f96c956a052e9b89c2a78fdfc48b2.php 第 63 行.
NOTIC: [8] Undefined index: profession D:\phpStudy\WWW\bjjfsd\Application\Runtime\Cache\Home\c95f96c956a052e9b89c2a78fdfc48b2.php 第 63 行.
NOTIC: [8] Undefined index: server D:\phpStudy\WWW\bjjfsd\Application\Runtime\Cache\Home\c95f96c956a052e9b89c2a78fdfc48b2.php 第 63 行.
NOTIC: [8] Undefined index: style D:\phpStudy\WWW\bjjfsd\Application\Runtime\Cache\Home\c95f96c956a052e9b89c2a78fdfc48b2.php 第 63 行.
NOTIC: [8] Undefined index: profession D:\phpStudy\WWW\bjjfsd\Application\Runtime\Cache\Home\c95f96c956a052e9b89c2a78fdfc48b2.php 第 63 行.
NOTIC: [8] Undefined index: server D:\phpStudy\WWW\bjjfsd\Application\Runtime\Cache\Home\c95f96c956a052e9b89c2a78fdfc48b2.php 第 63 行.
NOTIC: [8] Undefined index: style D:\phpStudy\WWW\bjjfsd\Application\Runtime\Cache\Home\c95f96c956a052e9b89c2a78fdfc48b2.php 第 63 行.
NOTIC: [8] Undefined index: profession D:\phpStudy\WWW\bjjfsd\Application\Runtime\Cache\Home\c95f96c956a052e9b89c2a78fdfc48b2.php 第 63 行.
NOTIC: [8] Undefined index: server D:\phpStudy\WWW\bjjfsd\Application\Runtime\Cache\Home\c95f96c956a052e9b89c2a78fdfc48b2.php 第 69 行.
NOTIC: [8] Undefined index: profession D:\phpStudy\WWW\bjjfsd\Application\Runtime\Cache\Home\c95f96c956a052e9b89c2a78fdfc48b2.php 第 69 行.
NOTIC: [8] Undefined index: style D:\phpStudy\WWW\bjjfsd\Application\Runtime\Cache\Home\c95f96c956a052e9b89c2a78fdfc48b2.php 第 69 行.
NOTIC: [8] Undefined index: server D:\phpStudy\WWW\bjjfsd\Application\Runtime\Cache\Home\c95f96c956a052e9b89c2a78fdfc48b2.php 第 71 行.
NOTIC: [8] Undefined index: profession D:\phpStudy\WWW\bjjfsd\Application\Runtime\Cache\Home\c95f96c956a052e9b89c2a78fdfc48b2.php 第 71 行.
NOTIC: [8] Undefined index: style D:\phpStudy\WWW\bjjfsd\Application\Runtime\Cache\Home\c95f96c956a052e9b89c2a78fdfc48b2.php 第 71 行.
NOTIC: [8] Undefined index: server D:\phpStudy\WWW\bjjfsd\Application\Runtime\Cache\Home\c95f96c956a052e9b89c2a78fdfc48b2.php 第 71 行.
NOTIC: [8] Undefined index: profession D:\phpStudy\WWW\bjjfsd\Application\Runtime\Cache\Home\c95f96c956a052e9b89c2a78fdfc48b2.php 第 71 行.
NOTIC: [8] Undefined index: style D:\phpStudy\WWW\bjjfsd\Application\Runtime\Cache\Home\c95f96c956a052e9b89c2a78fdfc48b2.php 第 71 行.
NOTIC: [8] Undefined index: server D:\phpStudy\WWW\bjjfsd\Application\Runtime\Cache\Home\c95f96c956a052e9b89c2a78fdfc48b2.php 第 71 行.
NOTIC: [8] Undefined index: profession D:\phpStudy\WWW\bjjfsd\Application\Runtime\Cache\Home\c95f96c956a052e9b89c2a78fdfc48b2.php 第 71 行.
NOTIC: [8] Undefined index: style D:\phpStudy\WWW\bjjfsd\Application\Runtime\Cache\Home\c95f96c956a052e9b89c2a78fdfc48b2.php 第 71 行.
NOTIC: [8] Undefined index: server D:\phpStudy\WWW\bjjfsd\Application\Runtime\Cache\Home\c95f96c956a052e9b89c2a78fdfc48b2.php 第 71 行.
NOTIC: [8] Undefined index: profession D:\phpStudy\WWW\bjjfsd\Application\Runtime\Cache\Home\c95f96c956a052e9b89c2a78fdfc48b2.php 第 71 行.
NOTIC: [8] Undefined index: style D:\phpStudy\WWW\bjjfsd\Application\Runtime\Cache\Home\c95f96c956a052e9b89c2a78fdfc48b2.php 第 71 行.
NOTIC: [8] Undefined index: server D:\phpStudy\WWW\bjjfsd\Application\Runtime\Cache\Home\c95f96c956a052e9b89c2a78fdfc48b2.php 第 71 行.
NOTIC: [8] Undefined index: profession D:\phpStudy\WWW\bjjfsd\Application\Runtime\Cache\Home\c95f96c956a052e9b89c2a78fdfc48b2.php 第 71 行.
NOTIC: [8] Undefined index: style D:\phpStudy\WWW\bjjfsd\Application\Runtime\Cache\Home\c95f96c956a052e9b89c2a78fdfc48b2.php 第 71 行.
NOTIC: [8] Undefined index: server D:\phpStudy\WWW\bjjfsd\Application\Runtime\Cache\Home\c95f96c956a052e9b89c2a78fdfc48b2.php 第 71 行.
NOTIC: [8] Undefined index: profession D:\phpStudy\WWW\bjjfsd\Application\Runtime\Cache\Home\c95f96c956a052e9b89c2a78fdfc48b2.php 第 71 行.
NOTIC: [8] Undefined index: style D:\phpStudy\WWW\bjjfsd\Application\Runtime\Cache\Home\c95f96c956a052e9b89c2a78fdfc48b2.php 第 71 行.
NOTIC: [8] Undefined index: server D:\phpStudy\WWW\bjjfsd\Application\Runtime\Cache\Home\c95f96c956a052e9b89c2a78fdfc48b2.php 第 71 行.
NOTIC: [8] Undefined index: profession D:\phpStudy\WWW\bjjfsd\Application\Runtime\Cache\Home\c95f96c956a052e9b89c2a78fdfc48b2.php 第 71 行.
NOTIC: [8] Undefined index: style D:\phpStudy\WWW\bjjfsd\Application\Runtime\Cache\Home\c95f96c956a052e9b89c2a78fdfc48b2.php 第 71 行.
NOTIC: [8] Undefined index: server D:\phpStudy\WWW\bjjfsd\Application\Runtime\Cache\Home\c95f96c956a052e9b89c2a78fdfc48b2.php 第 71 行.
NOTIC: [8] Undefined index: profession D:\phpStudy\WWW\bjjfsd\Application\Runtime\Cache\Home\c95f96c956a052e9b89c2a78fdfc48b2.php 第 71 行.
NOTIC: [8] Undefined index: style D:\phpStudy\WWW\bjjfsd\Application\Runtime\Cache\Home\c95f96c956a052e9b89c2a78fdfc48b2.php 第 71 行.
NOTIC: [8] Undefined index: server D:\phpStudy\WWW\bjjfsd\Application\Runtime\Cache\Home\c95f96c956a052e9b89c2a78fdfc48b2.php 第 71 行.
NOTIC: [8] Undefined index: profession D:\phpStudy\WWW\bjjfsd\Application\Runtime\Cache\Home\c95f96c956a052e9b89c2a78fdfc48b2.php 第 71 行.
NOTIC: [8] Undefined index: style D:\phpStudy\WWW\bjjfsd\Application\Runtime\Cache\Home\c95f96c956a052e9b89c2a78fdfc48b2.php 第 71 行.
NOTIC: [8] Undefined index: server D:\phpStudy\WWW\bjjfsd\Application\Runtime\Cache\Home\c95f96c956a052e9b89c2a78fdfc48b2.php 第 78 行.
NOTIC: [8] Undefined index: profession D:\phpStudy\WWW\bjjfsd\Application\Runtime\Cache\Home\c95f96c956a052e9b89c2a78fdfc48b2.php 第 78 行.
NOTIC: [8] Undefined index: style D:\phpStudy\WWW\bjjfsd\Application\Runtime\Cache\Home\c95f96c956a052e9b89c2a78fdfc48b2.php 第 78 行.
NOTIC: [8] Undefined index: server D:\phpStudy\WWW\bjjfsd\Application\Runtime\Cache\Home\c95f96c956a052e9b89c2a78fdfc48b2.php 第 79 行.
NOTIC: [8] Undefined index: profession D:\phpStudy\WWW\bjjfsd\Application\Runtime\Cache\Home\c95f96c956a052e9b89c2a78fdfc48b2.php 第 79 行.
NOTIC: [8] Undefined index: style D:\phpStudy\WWW\bjjfsd\Application\Runtime\Cache\Home\c95f96c956a052e9b89c2a78fdfc48b2.php 第 79 行.
NOTIC: [8] Undefined index: moods_desc D:\phpStudy\WWW\bjjfsd\Application\Runtime\Cache\Home\c95f96c956a052e9b89c2a78fdfc48b2.php 第 79 行.
NOTIC: [8] Undefined index: server D:\phpStudy\WWW\bjjfsd\Application\Runtime\Cache\Home\c95f96c956a052e9b89c2a78fdfc48b2.php 第 80 行.
NOTIC: [8] Undefined index: profession D:\phpStudy\WWW\bjjfsd\Application\Runtime\Cache\Home\c95f96c956a052e9b89c2a78fdfc48b2.php 第 80 行.
NOTIC: [8] Undefined index: style D:\phpStudy\WWW\bjjfsd\Application\Runtime\Cache\Home\c95f96c956a052e9b89c2a78fdfc48b2.php 第 80 行.
NOTIC: [8] Undefined index: time_desc D:\phpStudy\WWW\bjjfsd\Application\Runtime\Cache\Home\c95f96c956a052e9b89c2a78fdfc48b2.php 第 80 行.
NOTIC: [8] Undefined index: server D:\phpStudy\WWW\bjjfsd\Application\Runtime\Cache\Home\c95f96c956a052e9b89c2a78fdfc48b2.php 第 84 行.
NOTIC: [8] Undefined index: profession D:\phpStudy\WWW\bjjfsd\Application\Runtime\Cache\Home\c95f96c956a052e9b89c2a78fdfc48b2.php 第 84 行.
NOTIC: [8] Undefined index: style D:\phpStudy\WWW\bjjfsd\Application\Runtime\Cache\Home\c95f96c956a052e9b89c2a78fdfc48b2.php 第 84 行.
NOTIC: [8] Undefined index: server D:\phpStudy\WWW\bjjfsd\Application\Runtime\Cache\Home\c95f96c956a052e9b89c2a78fdfc48b2.php 第 85 行.
NOTIC: [8] Undefined index: profession D:\phpStudy\WWW\bjjfsd\Application\Runtime\Cache\Home\c95f96c956a052e9b89c2a78fdfc48b2.php 第 85 行.
NOTIC: [8] Undefined index: style D:\phpStudy\WWW\bjjfsd\Application\Runtime\Cache\Home\c95f96c956a052e9b89c2a78fdfc48b2.php 第 85 行.
INFO: Run Behavior\ParseTemplateBehavior [ RunTime:0.034002s ]
INFO: [ view_parse ] --END-- [ RunTime:0.034002s ]
INFO: [ view_filter ] --START--
INFO: Run Behavior\WriteHtmlCacheBehavior [ RunTime:0.000000s ]
INFO: [ view_filter ] --END-- [ RunTime:0.000000s ]
INFO: [ app_end ] --START--
INFO: Run Behavior\ShowPageTraceBehavior [ RunTime:0.000000s ]
INFO: [ app_end ] --END-- [ RunTime:0.001000s ]

[ 2015-11-30T15:21:57+08:00 ] 127.0.0.1 /index/lists/catid/2.html
INFO: [ app_init ] --START--
INFO: Run Behavior\BuildLiteBehavior [ RunTime:0.000000s ]
INFO: [ app_init ] --END-- [ RunTime:0.000000s ]
INFO: [ app_begin ] --START--
INFO: Run Behavior\ReadHtmlCacheBehavior [ RunTime:0.001000s ]
INFO: [ app_begin ] --END-- [ RunTime:0.001000s ]
NOTIC: [2048] Declaration of Home\Controller\IndexController::show() should be compatible with that of Think\Controller::show() D:\phpStudy\WWW\bjjfsd\Application\Home\Controller\IndexController.class.php 第 4 行.
SQL: SHOW COLUMNS FROM `jfsd_category` [ RunTime:0.0050s ]
NOTIC: [8] Undefined offset: 0 D:\phpStudy\WWW\bjjfsd\Application\Home\Controller\IndexController.class.php 第 22 行.
NOTIC: [8] Undefined offset: 0 D:\phpStudy\WWW\bjjfsd\Application\Home\Controller\IndexController.class.php 第 22 行.
NOTIC: [8] Undefined offset: 0 D:\phpStudy\WWW\bjjfsd\Application\Home\Controller\IndexController.class.php 第 22 行.
SQL: SHOW COLUMNS FROM `jfsd_product` [ RunTime:0.0060s ]
SQL: SELECT COUNT(*) AS tp_count FROM `jfsd_product` WHERE `status` = 1 AND `type` = 'Product' AND `catid` = 10 LIMIT 1   [ RunTime:0.0010s ]
NOTIC: [8] Undefined variable: field D:\phpStudy\WWW\bjjfsd\Application\Home\Common\IController.class.php 第 88 行.
SQL: SELECT * FROM `jfsd_product` WHERE `status` = 1 AND `type` = 'Product' AND `catid` = 10 ORDER BY id desc LIMIT 0,8   [ RunTime:0.0010s ]
INFO: [ view_parse ] --START--
INFO: [ template_filter ] --START--
INFO: Run Behavior\ContentReplaceBehavior [ RunTime:0.000000s ]
INFO: [ template_filter ] --END-- [ RunTime:0.000000s ]
NOTIC: [8] Undefined index: profession D:\phpStudy\WWW\bjjfsd\Application\Runtime\Cache\Home\c95f96c956a052e9b89c2a78fdfc48b2.php 第 57 行.
NOTIC: [8] Undefined index: style D:\phpStudy\WWW\bjjfsd\Application\Runtime\Cache\Home\c95f96c956a052e9b89c2a78fdfc48b2.php 第 57 行.
NOTIC: [8] Undefined index: server D:\phpStudy\WWW\bjjfsd\Application\Runtime\Cache\Home\c95f96c956a052e9b89c2a78fdfc48b2.php 第 57 行.
NOTIC: [8] Undefined index: profession D:\phpStudy\WWW\bjjfsd\Application\Runtime\Cache\Home\c95f96c956a052e9b89c2a78fdfc48b2.php 第 57 行.
NOTIC: [8] Undefined index: style D:\phpStudy\WWW\bjjfsd\Application\Runtime\Cache\Home\c95f96c956a052e9b89c2a78fdfc48b2.php 第 57 行.
NOTIC: [8] Undefined index: server D:\phpStudy\WWW\bjjfsd\Application\Runtime\Cache\Home\c95f96c956a052e9b89c2a78fdfc48b2.php 第 57 行.
NOTIC: [8] Undefined index: profession D:\phpStudy\WWW\bjjfsd\Application\Runtime\Cache\Home\c95f96c956a052e9b89c2a78fdfc48b2.php 第 57 行.
NOTIC: [8] Undefined index: style D:\phpStudy\WWW\bjjfsd\Application\Runtime\Cache\Home\c95f96c956a052e9b89c2a78fdfc48b2.php 第 57 行.
NOTIC: [8] Undefined index: server D:\phpStudy\WWW\bjjfsd\Application\Runtime\Cache\Home\c95f96c956a052e9b89c2a78fdfc48b2.php 第 57 行.
NOTIC: [8] Undefined index: profession D:\phpStudy\WWW\bjjfsd\Application\Runtime\Cache\Home\c95f96c956a052e9b89c2a78fdfc48b2.php 第 57 行.
NOTIC: [8] Undefined index: style D:\phpStudy\WWW\bjjfsd\Application\Runtime\Cache\Home\c95f96c956a052e9b89c2a78fdfc48b2.php 第 57 行.
NOTIC: [8] Undefined index: server D:\phpStudy\WWW\bjjfsd\Application\Runtime\Cache\Home\c95f96c956a052e9b89c2a78fdfc48b2.php 第 57 行.
NOTIC: [8] Undefined index: profession D:\phpStudy\WWW\bjjfsd\Application\Runtime\Cache\Home\c95f96c956a052e9b89c2a78fdfc48b2.php 第 57 行.
NOTIC: [8] Undefined index: style D:\phpStudy\WWW\bjjfsd\Application\Runtime\Cache\Home\c95f96c956a052e9b89c2a78fdfc48b2.php 第 57 行.
NOTIC: [8] Undefined index: server D:\phpStudy\WWW\bjjfsd\Application\Runtime\Cache\Home\c95f96c956a052e9b89c2a78fdfc48b2.php 第 57 行.
NOTIC: [8] Undefined index: profession D:\phpStudy\WWW\bjjfsd\Application\Runtime\Cache\Home\c95f96c956a052e9b89c2a78fdfc48b2.php 第 57 行.
NOTIC: [8] Undefined index: style D:\phpStudy\WWW\bjjfsd\Application\Runtime\Cache\Home\c95f96c956a052e9b89c2a78fdfc48b2.php 第 57 行.
NOTIC: [8] Undefined index: server D:\phpStudy\WWW\bjjfsd\Application\Runtime\Cache\Home\c95f96c956a052e9b89c2a78fdfc48b2.php 第 57 行.
NOTIC: [8] Undefined index: server D:\phpStudy\WWW\bjjfsd\Application\Runtime\Cache\Home\c95f96c956a052e9b89c2a78fdfc48b2.php 第 63 行.
NOTIC: [8] Undefined index: style D:\phpStudy\WWW\bjjfsd\Application\Runtime\Cache\Home\c95f96c956a052e9b89c2a78fdfc48b2.php 第 63 行.
NOTIC: [8] Undefined index: profession D:\phpStudy\WWW\bjjfsd\Application\Runtime\Cache\Home\c95f96c956a052e9b89c2a78fdfc48b2.php 第 63 行.
NOTIC: [8] Undefined index: server D:\phpStudy\WWW\bjjfsd\Application\Runtime\Cache\Home\c95f96c956a052e9b89c2a78fdfc48b2.php 第 63 行.
NOTIC: [8] Undefined index: style D:\phpStudy\WWW\bjjfsd\Application\Runtime\Cache\Home\c95f96c956a052e9b89c2a78fdfc48b2.php 第 63 行.
NOTIC: [8] Undefined index: profession D:\phpStudy\WWW\bjjfsd\Application\Runtime\Cache\Home\c95f96c956a052e9b89c2a78fdfc48b2.php 第 63 行.
NOTIC: [8] Undefined index: server D:\phpStudy\WWW\bjjfsd\Application\Runtime\Cache\Home\c95f96c956a052e9b89c2a78fdfc48b2.php 第 63 行.
NOTIC: [8] Undefined index: style D:\phpStudy\WWW\bjjfsd\Application\Runtime\Cache\Home\c95f96c956a052e9b89c2a78fdfc48b2.php 第 63 行.
NOTIC: [8] Undefined index: profession D:\phpStudy\WWW\bjjfsd\Application\Runtime\Cache\Home\c95f96c956a052e9b89c2a78fdfc48b2.php 第 63 行.
NOTIC: [8] Undefined index: server D:\phpStudy\WWW\bjjfsd\Application\Runtime\Cache\Home\c95f96c956a052e9b89c2a78fdfc48b2.php 第 63 行.
NOTIC: [8] Undefined index: style D:\phpStudy\WWW\bjjfsd\Application\Runtime\Cache\Home\c95f96c956a052e9b89c2a78fdfc48b2.php 第 63 行.
NOTIC: [8] Undefined index: profession D:\phpStudy\WWW\bjjfsd\Application\Runtime\Cache\Home\c95f96c956a052e9b89c2a78fdfc48b2.php 第 63 行.
NOTIC: [8] Undefined index: server D:\phpStudy\WWW\bjjfsd\Application\Runtime\Cache\Home\c95f96c956a052e9b89c2a78fdfc48b2.php 第 63 行.
NOTIC: [8] Undefined index: style D:\phpStudy\WWW\bjjfsd\Application\Runtime\Cache\Home\c95f96c956a052e9b89c2a78fdfc48b2.php 第 63 行.
NOTIC: [8] Undefined index: profession D:\phpStudy\WWW\bjjfsd\Application\Runtime\Cache\Home\c95f96c956a052e9b89c2a78fdfc48b2.php 第 63 行.
NOTIC: [8] Undefined index: server D:\phpStudy\WWW\bjjfsd\Application\Runtime\Cache\Home\c95f96c956a052e9b89c2a78fdfc48b2.php 第 63 行.
NOTIC: [8] Undefined index: style D:\phpStudy\WWW\bjjfsd\Application\Runtime\Cache\Home\c95f96c956a052e9b89c2a78fdfc48b2.php 第 63 行.
NOTIC: [8] Undefined index: profession D:\phpStudy\WWW\bjjfsd\Application\Runtime\Cache\Home\c95f96c956a052e9b89c2a78fdfc48b2.php 第 63 行.
NOTIC: [8] Undefined index: server D:\phpStudy\WWW\bjjfsd\Application\Runtime\Cache\Home\c95f96c956a052e9b89c2a78fdfc48b2.php 第 69 行.
NOTIC: [8] Undefined index: profession D:\phpStudy\WWW\bjjfsd\Application\Runtime\Cache\Home\c95f96c956a052e9b89c2a78fdfc48b2.php 第 69 行.
NOTIC: [8] Undefined index: style D:\phpStudy\WWW\bjjfsd\Application\Runtime\Cache\Home\c95f96c956a052e9b89c2a78fdfc48b2.php 第 69 行.
NOTIC: [8] Undefined index: server D:\phpStudy\WWW\bjjfsd\Application\Runtime\Cache\Home\c95f96c956a052e9b89c2a78fdfc48b2.php 第 71 行.
NOTIC: [8] Undefined index: profession D:\phpStudy\WWW\bjjfsd\Application\Runtime\Cache\Home\c95f96c956a052e9b89c2a78fdfc48b2.php 第 71 行.
NOTIC: [8] Undefined index: style D:\phpStudy\WWW\bjjfsd\Application\Runtime\Cache\Home\c95f96c956a052e9b89c2a78fdfc48b2.php 第 71 行.
NOTIC: [8] Undefined index: server D:\phpStudy\WWW\bjjfsd\Application\Runtime\Cache\Home\c95f96c956a052e9b89c2a78fdfc48b2.php 第 71 行.
NOTIC: [8] Undefined index: profession D:\phpStudy\WWW\bjjfsd\Application\Runtime\Cache\Home\c95f96c956a052e9b89c2a78fdfc48b2.php 第 71 行.
NOTIC: [8] Undefined index: style D:\phpStudy\WWW\bjjfsd\Application\Runtime\Cache\Home\c95f96c956a052e9b89c2a78fdfc48b2.php 第 71 行.
NOTIC: [8] Undefined index: server D:\phpStudy\WWW\bjjfsd\Application\Runtime\Cache\Home\c95f96c956a052e9b89c2a78fdfc48b2.php 第 71 行.
NOTIC: [8] Undefined index: profession D:\phpStudy\WWW\bjjfsd\Application\Runtime\Cache\Home\c95f96c956a052e9b89c2a78fdfc48b2.php 第 71 行.
NOTIC: [8] Undefined index: style D:\phpStudy\WWW\bjjfsd\Application\Runtime\Cache\Home\c95f96c956a052e9b89c2a78fdfc48b2.php 第 71 行.
NOTIC: [8] Undefined index: server D:\phpStudy\WWW\bjjfsd\Application\Runtime\Cache\Home\c95f96c956a052e9b89c2a78fdfc48b2.php 第 71 行.
NOTIC: [8] Undefined index: profession D:\phpStudy\WWW\bjjfsd\Application\Runtime\Cache\Home\c95f96c956a052e9b89c2a78fdfc48b2.php 第 71 行.
NOTIC: [8] Undefined index: style D:\phpStudy\WWW\bjjfsd\Application\Runtime\Cache\Home\c95f96c956a052e9b89c2a78fdfc48b2.php 第 71 行.
NOTIC: [8] Undefined index: server D:\phpStudy\WWW\bjjfsd\Application\Runtime\Cache\Home\c95f96c956a052e9b89c2a78fdfc48b2.php 第 71 行.
NOTIC: [8] Undefined index: profession D:\phpStudy\WWW\bjjfsd\Application\Runtime\Cache\Home\c95f96c956a052e9b89c2a78fdfc48b2.php 第 71 行.
NOTIC: [8] Undefined index: style D:\phpStudy\WWW\bjjfsd\Application\Runtime\Cache\Home\c95f96c956a052e9b89c2a78fdfc48b2.php 第 71 行.
NOTIC: [8] Undefined index: server D:\phpStudy\WWW\bjjfsd\Application\Runtime\Cache\Home\c95f96c956a052e9b89c2a78fdfc48b2.php 第 71 行.
NOTIC: [8] Undefined index: profession D:\phpStudy\WWW\bjjfsd\Application\Runtime\Cache\Home\c95f96c956a052e9b89c2a78fdfc48b2.php 第 71 行.
NOTIC: [8] Undefined index: style D:\phpStudy\WWW\bjjfsd\Application\Runtime\Cache\Home\c95f96c956a052e9b89c2a78fdfc48b2.php 第 71 行.
NOTIC: [8] Undefined index: server D:\phpStudy\WWW\bjjfsd\Application\Runtime\Cache\Home\c95f96c956a052e9b89c2a78fdfc48b2.php 第 71 行.
NOTIC: [8] Undefined index: profession D:\phpStudy\WWW\bjjfsd\Application\Runtime\Cache\Home\c95f96c956a052e9b89c2a78fdfc48b2.php 第 71 行.
NOTIC: [8] Undefined index: style D:\phpStudy\WWW\bjjfsd\Application\Runtime\Cache\Home\c95f96c956a052e9b89c2a78fdfc48b2.php 第 71 行.
NOTIC: [8] Undefined index: server D:\phpStudy\WWW\bjjfsd\Application\Runtime\Cache\Home\c95f96c956a052e9b89c2a78fdfc48b2.php 第 71 行.
NOTIC: [8] Undefined index: profession D:\phpStudy\WWW\bjjfsd\Application\Runtime\Cache\Home\c95f96c956a052e9b89c2a78fdfc48b2.php 第 71 行.
NOTIC: [8] Undefined index: style D:\phpStudy\WWW\bjjfsd\Application\Runtime\Cache\Home\c95f96c956a052e9b89c2a78fdfc48b2.php 第 71 行.
NOTIC: [8] Undefined index: server D:\phpStudy\WWW\bjjfsd\Application\Runtime\Cache\Home\c95f96c956a052e9b89c2a78fdfc48b2.php 第 71 行.
NOTIC: [8] Undefined index: profession D:\phpStudy\WWW\bjjfsd\Application\Runtime\Cache\Home\c95f96c956a052e9b89c2a78fdfc48b2.php 第 71 行.
NOTIC: [8] Undefined index: style D:\phpStudy\WWW\bjjfsd\Application\Runtime\Cache\Home\c95f96c956a052e9b89c2a78fdfc48b2.php 第 71 行.
NOTIC: [8] Undefined index: server D:\phpStudy\WWW\bjjfsd\Application\Runtime\Cache\Home\c95f96c956a052e9b89c2a78fdfc48b2.php 第 78 行.
NOTIC: [8] Undefined index: profession D:\phpStudy\WWW\bjjfsd\Application\Runtime\Cache\Home\c95f96c956a052e9b89c2a78fdfc48b2.php 第 78 行.
NOTIC: [8] Undefined index: style D:\phpStudy\WWW\bjjfsd\Application\Runtime\Cache\Home\c95f96c956a052e9b89c2a78fdfc48b2.php 第 78 行.
NOTIC: [8] Undefined index: server D:\phpStudy\WWW\bjjfsd\Application\Runtime\Cache\Home\c95f96c956a052e9b89c2a78fdfc48b2.php 第 79 行.
NOTIC: [8] Undefined index: profession D:\phpStudy\WWW\bjjfsd\Application\Runtime\Cache\Home\c95f96c956a052e9b89c2a78fdfc48b2.php 第 79 行.
NOTIC: [8] Undefined index: style D:\phpStudy\WWW\bjjfsd\Application\Runtime\Cache\Home\c95f96c956a052e9b89c2a78fdfc48b2.php 第 79 行.
NOTIC: [8] Undefined index: moods_desc D:\phpStudy\WWW\bjjfsd\Application\Runtime\Cache\Home\c95f96c956a052e9b89c2a78fdfc48b2.php 第 79 行.
NOTIC: [8] Undefined index: server D:\phpStudy\WWW\bjjfsd\Application\Runtime\Cache\Home\c95f96c956a052e9b89c2a78fdfc48b2.php 第 80 行.
NOTIC: [8] Undefined index: profession D:\phpStudy\WWW\bjjfsd\Application\Runtime\Cache\Home\c95f96c956a052e9b89c2a78fdfc48b2.php 第 80 行.
NOTIC: [8] Undefined index: style D:\phpStudy\WWW\bjjfsd\Application\Runtime\Cache\Home\c95f96c956a052e9b89c2a78fdfc48b2.php 第 80 行.
NOTIC: [8] Undefined index: time_desc D:\phpStudy\WWW\bjjfsd\Application\Runtime\Cache\Home\c95f96c956a052e9b89c2a78fdfc48b2.php 第 80 行.
NOTIC: [8] Undefined index: server D:\phpStudy\WWW\bjjfsd\Application\Runtime\Cache\Home\c95f96c956a052e9b89c2a78fdfc48b2.php 第 84 行.
NOTIC: [8] Undefined index: profession D:\phpStudy\WWW\bjjfsd\Application\Runtime\Cache\Home\c95f96c956a052e9b89c2a78fdfc48b2.php 第 84 行.
NOTIC: [8] Undefined index: style D:\phpStudy\WWW\bjjfsd\Application\Runtime\Cache\Home\c95f96c956a052e9b89c2a78fdfc48b2.php 第 84 行.
NOTIC: [8] Undefined index: server D:\phpStudy\WWW\bjjfsd\Application\Runtime\Cache\Home\c95f96c956a052e9b89c2a78fdfc48b2.php 第 85 行.
NOTIC: [8] Undefined index: profession D:\phpStudy\WWW\bjjfsd\Application\Runtime\Cache\Home\c95f96c956a052e9b89c2a78fdfc48b2.php 第 85 行.
NOTIC: [8] Undefined index: style D:\phpStudy\WWW\bjjfsd\Application\Runtime\Cache\Home\c95f96c956a052e9b89c2a78fdfc48b2.php 第 85 行.
INFO: Run Behavior\ParseTemplateBehavior [ RunTime:0.034002s ]
INFO: [ view_parse ] --END-- [ RunTime:0.034002s ]
INFO: [ view_filter ] --START--
INFO: Run Behavior\WriteHtmlCacheBehavior [ RunTime:0.001000s ]
INFO: [ view_filter ] --END-- [ RunTime:0.001000s ]
INFO: [ app_end ] --START--
INFO: Run Behavior\ShowPageTraceBehavior [ RunTime:0.001000s ]
INFO: [ app_end ] --END-- [ RunTime:0.001000s ]

